<?xml version="1.0" encoding="UTF-8"?>
<!-- Generated by org.testng.reporters.JUnitReportReporter -->
<testsuite skipped="0" hostname="sumit-Lenovo-E41-80" name="TestCaseSuite.assignmentTestCase" tests="1" failures="0" timestamp="28 Jul 2017 12:44:56 GMT" time="18.736" errors="0">
  <testcase name="UserActionsOnFlipkart" time="18.736" classname="TestCaseSuite.assignmentTestCase"/>
</testsuite> <!-- TestCaseSuite.assignmentTestCase -->
