<?xml version="1.0" encoding="UTF-8"?>
<!-- Generated by org.testng.reporters.JUnitReportReporter -->
<testsuite skipped="0" hostname="sumit-Lenovo-E41-80" name="TestCaseSuite.assignmentTestCase" tests="1" failures="0" timestamp="28 Jul 2017 20:00:48 GMT" time="23.477" errors="0">
  <testcase name="UserActionsOnFlipkart" time="23.477" classname="TestCaseSuite.assignmentTestCase"/>
</testsuite> <!-- TestCaseSuite.assignmentTestCase -->
